./yshell build Oct 30 2021 21:54:37
% Bad command.  Was a message printed, and the program continued?
% make file this is the first file
past entries
% make second file
past entries
% make third file with more stuff in it
past entries
% cat file
this is the first file
% cat second
file
% cat file second third
this is the first file
file
file with more stuff in it
% ls /
/:
     2     18 file
     3      4 second
     4     21 third
% # Checking on making files and catting them.
% # Does ls with files work?
% # $Id: test2.ysh,v 1.1 2013-01-02 19:11:43-08 - - $
% ^D
yshell: exit(1)
